-encoding
UTF-8
-outxml
-source
1.6
-target
1.6
-classpath
/home/hsimo/.m2/repository/antlr/antlr/2.7.6/antlr-2.7.6.jar:/home/hsimo/.m2/repository/aopalliance/aopalliance/1.0/aopalliance-1.0.jar:/home/hsimo/.m2/repository/asm/asm/3.1/asm-3.1.jar:/home/hsimo/.m2/repository/cglib/cglib/2.2/cglib-2.2.jar:/home/hsimo/.m2/repository/cglib/cglib-nodep/2.2/cglib-nodep-2.2.jar:/home/hsimo/.m2/repository/cglib/cglib-nodep/2.2/cglib-nodep-2.2.jar:/home/hsimo/.m2/repository/com/drewnoakes/metadata-extractor/2.4.0-beta-1/metadata-extractor-2.4.0-beta-1.jar:/home/hsimo/.m2/repository/com/h2database/h2/1.3.155/h2-1.3.155.jar:/home/hsimo/.m2/repository/com/h2database/h2/1.3.155/h2-1.3.155.jar:/home/hsimo/.m2/repository/com/itextpdf/itextpdf/5.1.3/itextpdf-5.1.3.jar:/home/hsimo/.m2/repository/com/itextpdf/tool/xmlworker/1.1.1/xmlworker-1.1.1.jar:/home/hsimo/.m2/repository/com/lowagie/itext/2.1.7/itext-2.1.7.jar:/home/hsimo/.m2/repository/commons-beanutils/commons-beanutils/1.8.0/commons-beanutils-1.8.0.jar:/home/hsimo/.m2/repository/commons-codec/commons-codec/1.4/commons-codec-1.4.jar:/home/hsimo/.m2/repository/commons-codec/commons-codec/1.4/commons-codec-1.4.jar:/home/hsimo/.m2/repository/commons-collections/commons-collections/3.2.1/commons-collections-3.2.1.jar:/home/hsimo/.m2/repository/commons-dbcp/commons-dbcp/1.3/commons-dbcp-1.3.jar:/home/hsimo/.m2/repository/commons-dbcp/commons-dbcp/1.3/commons-dbcp-1.3.jar:/home/hsimo/.m2/repository/commons-digester/commons-digester/2.0/commons-digester-2.0.jar:/home/hsimo/.m2/repository/commons-digester/commons-digester/2.0/commons-digester-2.0.jar:/home/hsimo/.m2/repository/commons-fileupload/commons-fileupload/1.2.1/commons-fileupload-1.2.1.jar:/home/hsimo/.m2/repository/commons-fileupload/commons-fileupload/1.2.1/commons-fileupload-1.2.1.jar:/home/hsimo/.m2/repository/commons-io/commons-io/1.3.2/commons-io-1.3.2.jar:/home/hsimo/.m2/repository/commons-lang/commons-lang/2.5/commons-lang-2.5.jar:/home/hsimo/.m2/repository/commons-logging/commons-logging/1.1.1/commons-logging-1.1.1.jar:/home/hsimo/.m2/repository/commons-pool/commons-pool/1.5.4/commons-pool-1.5.4.jar:/home/hsimo/.m2/repository/commons-pool/commons-pool/1.5.4/commons-pool-1.5.4.jar:/home/hsimo/.m2/repository/de/l3s/boilerpipe/boilerpipe/1.1.0/boilerpipe-1.1.0.jar:/home/hsimo/.m2/repository/dom4j/dom4j/1.6.1/dom4j-1.6.1.jar:/home/hsimo/.m2/repository/edu/ucar/netcdf/4.2-min/netcdf-4.2-min.jar:/home/hsimo/.m2/repository/jasperreports/jasperreports/4.7.0/jasperreports-4.7.0.jar:/home/hsimo/.m2/repository/javassist/javassist/3.12.0.GA/javassist-3.12.0.GA.jar:/home/hsimo/.m2/repository/javax/el/el-api/1.0/el-api-1.0.jar:/home/hsimo/.m2/repository/javax/el/el-api/1.0/el-api-1.0.jar:/home/hsimo/.m2/repository/javax/servlet/servlet-api/2.5/servlet-api-2.5.jar:/home/hsimo/.m2/repository/javax/servlet/jsp/jsp-api/2.1/jsp-api-2.1.jar:/home/hsimo/.m2/repository/javax/servlet/jsp/jsp-api/2.1/jsp-api-2.1.jar:/home/hsimo/.m2/repository/javax/servlet/jsp/jstl/jstl-api/1.2/jstl-api-1.2.jar:/home/hsimo/.m2/repository/javax/servlet/jsp/jstl/jstl-api/1.2/jstl-api-1.2.jar:/home/hsimo/.m2/repository/javax/transaction/jta/1.1/jta-1.1.jar:/home/hsimo/.m2/repository/javax/transaction/jta/1.1/jta-1.1.jar:/home/hsimo/.m2/repository/javax/validation/validation-api/1.0.0.GA/validation-api-1.0.0.GA.jar:/home/hsimo/.m2/repository/javax/validation/validation-api/1.0.0.GA/validation-api-1.0.0.GA.jar:/home/hsimo/.m2/repository/javax/ws/rs/jsr311-api/1.1.1/jsr311-api-1.1.1.jar:/home/hsimo/.m2/repository/jdom/jdom/1.0/jdom-1.0.jar:/home/hsimo/.m2/repository/joda-time/joda-time/1.6/joda-time-1.6.jar:/home/hsimo/.m2/repository/junit/junit/4.8.2/junit-4.8.2.jar:/home/hsimo/.m2/repository/log4j/log4j/1.2.16/log4j-1.2.16.jar:/home/hsimo/.m2/repository/mysql/mysql-connector-java/5.1.13/mysql-connector-java-5.1.13.jar:/home/hsimo/.m2/repository/mysql/mysql-connector-java/5.1.13/mysql-connector-java-5.1.13.jar:/home/hsimo/.m2/repository/net/sf/ezmorph/ezmorph/1.0.6/ezmorph-1.0.6.jar:/home/hsimo/.m2/repository/net/sf/flexjson/flexjson/2.1/flexjson-2.1.jar:/home/hsimo/.m2/repository/net/sf/json-lib/json-lib/2.4/json-lib-2.4-jdk15.jar:/home/hsimo/.m2/repository/org/apache/commons/commons-compress/1.3/commons-compress-1.3.jar:/home/hsimo/.m2/repository/org/apache/commons/commons-lang3/3.0.1/commons-lang3-3.0.1.jar:/home/hsimo/.m2/repository/org/apache/geronimo/specs/geronimo-stax-api_1.0_spec/1.0.1/geronimo-stax-api_1.0_spec-1.0.1.jar:/home/hsimo/.m2/repository/org/apache/james/apache-mime4j-core/0.7/apache-mime4j-core-0.7.jar:/home/hsimo/.m2/repository/org/apache/james/apache-mime4j-dom/0.7/apache-mime4j-dom-0.7.jar:/home/hsimo/.m2/repository/org/apache/pdfbox/fontbox/1.6.0/fontbox-1.6.0.jar:/home/hsimo/.m2/repository/org/apache/pdfbox/jempbox/1.6.0/jempbox-1.6.0.jar:/home/hsimo/.m2/repository/org/apache/pdfbox/pdfbox/1.6.0/pdfbox-1.6.0.jar:/home/hsimo/.m2/repository/org/apache/poi/poi/3.6/poi-3.6.jar:/home/hsimo/.m2/repository/org/apache/poi/poi-ooxml/3.8-beta4/poi-ooxml-3.8-beta4.jar:/home/hsimo/.m2/repository/org/apache/poi/poi-ooxml-schemas/3.8-beta4/poi-ooxml-schemas-3.8-beta4.jar:/home/hsimo/.m2/repository/org/apache/poi/poi-scratchpad/3.8-beta4/poi-scratchpad-3.8-beta4.jar:/home/hsimo/.m2/repository/org/apache/tika/tika-core/1.0/tika-core-1.0.jar:/home/hsimo/.m2/repository/org/apache/tika/tika-parsers/1.0/tika-parsers-1.0.jar:/home/hsimo/.m2/repository/org/apache/tiles/tiles-api/2.2.1/tiles-api-2.2.1.jar:/home/hsimo/.m2/repository/org/apache/tiles/tiles-core/2.2.1/tiles-core-2.2.1.jar:/home/hsimo/.m2/repository/org/apache/tiles/tiles-core/2.2.1/tiles-core-2.2.1.jar:/home/hsimo/.m2/repository/org/apache/tiles/tiles-jsp/2.2.1/tiles-jsp-2.2.1.jar:/home/hsimo/.m2/repository/org/apache/tiles/tiles-servlet/2.2.1/tiles-servlet-2.2.1.jar:/home/hsimo/.m2/repository/org/apache/tiles/tiles-template/2.2.1/tiles-template-2.2.1.jar:/home/hsimo/.m2/repository/org/apache/xmlbeans/xmlbeans/2.3.0/xmlbeans-2.3.0.jar:/home/hsimo/.m2/repository/org/aspectj/aspectjrt/1.6.11/aspectjrt-1.6.11.jar:/home/hsimo/.m2/repository/org/aspectj/aspectjweaver/1.6.11/aspectjweaver-1.6.11.jar:/home/hsimo/.m2/repository/org/bouncycastle/bcmail-jdk14/1.38/bcmail-jdk14-1.38.jar:/home/hsimo/.m2/repository/org/bouncycastle/bcmail-jdk15/1.45/bcmail-jdk15-1.45.jar:/home/hsimo/.m2/repository/org/bouncycastle/bcprov-jdk14/1.38/bcprov-jdk14-1.38.jar:/home/hsimo/.m2/repository/org/bouncycastle/bcprov-jdk15/1.45/bcprov-jdk15-1.45.jar:/home/hsimo/.m2/repository/org/bouncycastle/bctsp-jdk14/1.38/bctsp-jdk14-1.38.jar:/home/hsimo/.m2/repository/org/ccil/cowan/tagsoup/tagsoup/1.2.1/tagsoup-1.2.1.jar:/home/hsimo/.m2/repository/org/glassfish/web/jstl-impl/1.2/jstl-impl-1.2.jar:/home/hsimo/.m2/repository/org/glassfish/web/jstl-impl/1.2/jstl-impl-1.2.jar:/home/hsimo/.m2/repository/org/hibernate/hibernate-commons-annotations/3.2.0.Final/hibernate-commons-annotations-3.2.0.Final.jar:/home/hsimo/.m2/repository/org/hibernate/hibernate-core/3.6.4.Final/hibernate-core-3.6.4.Final.jar:/home/hsimo/.m2/repository/org/hibernate/hibernate-core/3.6.4.Final/hibernate-core-3.6.4.Final.jar:/home/hsimo/.m2/repository/org/hibernate/hibernate-entitymanager/3.6.4.Final/hibernate-entitymanager-3.6.4.Final.jar:/home/hsimo/.m2/repository/org/hibernate/hibernate-entitymanager/3.6.4.Final/hibernate-entitymanager-3.6.4.Final.jar:/home/hsimo/.m2/repository/org/hibernate/hibernate-validator/4.1.0.Final/hibernate-validator-4.1.0.Final.jar:/home/hsimo/.m2/repository/org/hibernate/hibernate-validator/4.1.0.Final/hibernate-validator-4.1.0.Final.jar:/home/hsimo/.m2/repository/org/hibernate/javax/persistence/hibernate-jpa-2.0-api/1.0.0.Final/hibernate-jpa-2.0-api-1.0.0.Final.jar:/home/hsimo/.m2/repository/org/hibernate/javax/persistence/hibernate-jpa-2.0-api/1.0.0.Final/hibernate-jpa-2.0-api-1.0.0.Final.jar:/home/hsimo/.m2/repository/org/slf4j/jcl-over-slf4j/1.6.1/jcl-over-slf4j-1.6.1.jar:/home/hsimo/.m2/repository/org/slf4j/slf4j-api/1.6.1/slf4j-api-1.6.1.jar:/home/hsimo/.m2/repository/org/slf4j/slf4j-log4j12/1.6.1/slf4j-log4j12-1.6.1.jar:/home/hsimo/.m2/repository/org/springframework/spring-aop/3.0.5.RELEASE/spring-aop-3.0.5.RELEASE.jar:/home/hsimo/.m2/repository/org/springframework/spring-asm/3.0.5.RELEASE/spring-asm-3.0.5.RELEASE.jar:/home/hsimo/.m2/repository/org/springframework/spring-aspects/3.0.5.RELEASE/spring-aspects-3.0.5.RELEASE.jar:/home/hsimo/.m2/repository/org/springframework/spring-beans/3.0.5.RELEASE/spring-beans-3.0.5.RELEASE.jar:/home/hsimo/.m2/repository/org/springframework/spring-context/3.0.5.RELEASE/spring-context-3.0.5.RELEASE.jar:/home/hsimo/.m2/repository/org/springframework/spring-context-support/3.0.5.RELEASE/spring-context-support-3.0.5.RELEASE.jar:/home/hsimo/.m2/repository/org/springframework/spring-core/3.0.5.RELEASE/spring-core-3.0.5.RELEASE.jar:/home/hsimo/.m2/repository/org/springframework/spring-expression/3.0.5.RELEASE/spring-expression-3.0.5.RELEASE.jar:/home/hsimo/.m2/repository/org/springframework/spring-jdbc/3.0.5.RELEASE/spring-jdbc-3.0.5.RELEASE.jar:/home/hsimo/.m2/repository/org/springframework/spring-jdbc/3.0.5.RELEASE/spring-jdbc-3.0.5.RELEASE.jar:/home/hsimo/.m2/repository/org/springframework/spring-orm/3.0.5.RELEASE/spring-orm-3.0.5.RELEASE.jar:/home/hsimo/.m2/repository/org/springframework/spring-orm/3.0.5.RELEASE/spring-orm-3.0.5.RELEASE.jar:/home/hsimo/.m2/repository/org/springframework/spring-test/3.0.5.RELEASE/spring-test-3.0.5.RELEASE.jar:/home/hsimo/.m2/repository/org/springframework/spring-tx/3.0.5.RELEASE/spring-tx-3.0.5.RELEASE.jar:/home/hsimo/.m2/repository/org/springframework/spring-web/3.0.5.RELEASE/spring-web-3.0.5.RELEASE.jar:/home/hsimo/.m2/repository/org/springframework/spring-web/3.0.5.RELEASE/spring-web-3.0.5.RELEASE.jar:/home/hsimo/.m2/repository/org/springframework/spring-webmvc/3.0.5.RELEASE/spring-webmvc-3.0.5.RELEASE.jar:/home/hsimo/.m2/repository/org/springframework/spring-webmvc/3.0.5.RELEASE/spring-webmvc-3.0.5.RELEASE.jar:/home/hsimo/.m2/repository/org/springframework/roo/org.springframework.roo.annotations/1.1.5.RELEASE/org.springframework.roo.annotations-1.1.5.RELEASE.jar:/home/hsimo/.m2/repository/org/springframework/security/spring-security-acl/3.0.5.RELEASE/spring-security-acl-3.0.5.RELEASE.jar:/home/hsimo/.m2/repository/org/springframework/security/spring-security-config/3.0.5.RELEASE/spring-security-config-3.0.5.RELEASE.jar:/home/hsimo/.m2/repository/org/springframework/security/spring-security-config/3.0.5.RELEASE/spring-security-config-3.0.5.RELEASE.jar:/home/hsimo/.m2/repository/org/springframework/security/spring-security-core/3.0.5.RELEASE/spring-security-core-3.0.5.RELEASE.jar:/home/hsimo/.m2/repository/org/springframework/security/spring-security-core/3.0.5.RELEASE/spring-security-core-3.0.5.RELEASE.jar:/home/hsimo/.m2/repository/org/springframework/security/spring-security-taglibs/3.0.5.RELEASE/spring-security-taglibs-3.0.5.RELEASE.jar:/home/hsimo/.m2/repository/org/springframework/security/spring-security-taglibs/3.0.5.RELEASE/spring-security-taglibs-3.0.5.RELEASE.jar:/home/hsimo/.m2/repository/org/springframework/security/spring-security-web/3.0.5.RELEASE/spring-security-web-3.0.5.RELEASE.jar:/home/hsimo/.m2/repository/org/springframework/security/spring-security-web/3.0.5.RELEASE/spring-security-web-3.0.5.RELEASE.jar:/home/hsimo/.m2/repository/org/springframework/webflow/spring-js-resources/2.2.1.RELEASE/spring-js-resources-2.2.1.RELEASE.jar:/home/hsimo/.m2/repository/org/springframework/webflow/spring-js-resources/2.2.1.RELEASE/spring-js-resources-2.2.1.RELEASE.jar:/home/hsimo/.m2/repository/rome/rome/0.9/rome-0.9.jar:/tools/GitHub/ADHOTEL/geshotel/target/classes
-aspectpath
/home/hsimo/.m2/repository/org/springframework/spring-aspects/3.0.5.RELEASE/spring-aspects-3.0.5.RELEASE.jar
-d
/tools/GitHub/ADHOTEL/geshotel/target/classes
/tools/GitHub/ADHOTEL/geshotel/src/main/java/org/adorsys/geshotel/booking/domain/Retrait_Roo_JavaBean.aj
/tools/GitHub/ADHOTEL/geshotel/src/main/java/org/adorsys/geshotel/booking/domain/Reservation_Roo_JavaBean.aj
/tools/GitHub/ADHOTEL/geshotel/src/main/java/org/adorsys/geshotel/web/CustomerForSale_Roo_JavaBean.aj
/tools/GitHub/ADHOTEL/geshotel/src/main/java/org/adorsys/geshotel/resto/work/exception/NoOpenedCashRegisterException.java
/tools/GitHub/ADHOTEL/geshotel/src/main/java/org/adorsys/geshotel/domain/Hotel.java
/tools/GitHub/ADHOTEL/geshotel/src/main/java/org/adorsys/geshotel/booking/domain/InvoiceItem_Roo_ToString.aj
/tools/GitHub/ADHOTEL/geshotel/src/main/java/org/adorsys/geshotel/resto/work/beans/SaleItemCommand.java
/tools/GitHub/ADHOTEL/geshotel/src/main/java/org/adorsys/geshotel/resto/work/beans/SaleItemCommand_Roo_JavaBean.aj
/tools/GitHub/ADHOTEL/geshotel/src/main/java/org/adorsys/geshotel/booking/domain/Reservation_Roo_Finder.aj
/tools/GitHub/ADHOTEL/geshotel/src/main/java/org/adorsys/geshotel/resto/domain/KitchenOrder_Roo_ToString.aj
/tools/GitHub/ADHOTEL/geshotel/src/main/java/org/adorsys/geshotel/web/SaleItemController_Roo_Controller.aj
/tools/GitHub/ADHOTEL/geshotel/src/main/java/org/adorsys/geshotel/resto/domain/BarRestauInvoice_Roo_ToString.aj
/tools/GitHub/ADHOTEL/geshotel/src/main/java/org/adorsys/geshotel/web/InventoryItemController_Roo_Controller.aj
/tools/GitHub/ADHOTEL/geshotel/src/main/java/org/adorsys/geshotel/booking/domain/Retrait_Roo_Configurable.aj
/tools/GitHub/ADHOTEL/geshotel/src/main/java/org/adorsys/geshotel/web/PeriodConfController_Roo_Controller_Finder.aj
/tools/GitHub/ADHOTEL/geshotel/src/main/java/org/adorsys/geshotel/resto/domain/ProductType_Roo_ToString.aj
/tools/GitHub/ADHOTEL/geshotel/src/main/java/org/adorsys/geshotel/web/InventoryProcess_Roo_JavaBean.aj
/tools/GitHub/ADHOTEL/geshotel/src/main/java/org/adorsys/geshotel/booking/domain/LabelChart_Roo_Json.aj
/tools/GitHub/ADHOTEL/geshotel/src/main/java/org/adorsys/geshotel/resto/domain/Discount_Roo_Entity.aj
/tools/GitHub/ADHOTEL/geshotel/src/main/java/org/adorsys/geshotel/domain/Payment_Roo_JavaBean.aj
/tools/GitHub/ADHOTEL/geshotel/src/main/java/org/adorsys/geshotel/web/CustomerController_Roo_Controller.aj
/tools/GitHub/ADHOTEL/geshotel/src/main/java/org/adorsys/geshotel/resto/work/beans/GroupAndSaleReport_Roo_JavaBean.aj
/tools/GitHub/ADHOTEL/geshotel/src/main/java/org/adorsys/geshotel/web/RetraitController.java
/tools/GitHub/ADHOTEL/geshotel/src/main/java/org/adorsys/geshotel/resto/domain/Supplier_Roo_JavaBean.aj
/tools/GitHub/ADHOTEL/geshotel/src/main/java/org/adorsys/geshotel/web/CustomerForSale.java
/tools/GitHub/ADHOTEL/geshotel/src/main/java/org/adorsys/geshotel/resto/domain/Sale_Roo_Finder.aj
/tools/GitHub/ADHOTEL/geshotel/src/main/java/org/adorsys/geshotel/web/ProductController.java
/tools/GitHub/ADHOTEL/geshotel/src/main/java/org/adorsys/geshotel/web/ProductGroupController_Roo_Controller.aj
/tools/GitHub/ADHOTEL/geshotel/src/main/java/org/adorsys/geshotel/booking/domain/RoomCategory_Roo_JavaBean.aj
/tools/GitHub/ADHOTEL/geshotel/src/main/java/org/adorsys/geshotel/booking/domain/Deposit.java
/tools/GitHub/ADHOTEL/geshotel/src/main/java/org/adorsys/geshotel/resto/domain/BarRestauState.java
/tools/GitHub/ADHOTEL/geshotel/src/main/java/org/adorsys/geshotel/resto/domain/ParentGroup.java
/tools/GitHub/ADHOTEL/geshotel/src/main/java/org/adorsys/geshotel/booking/domain/LabelChart.java
/tools/GitHub/ADHOTEL/geshotel/src/main/java/org/adorsys/geshotel/resto/work/beans/ParentGroupBean.java
/tools/GitHub/ADHOTEL/geshotel/src/main/java/org/adorsys/geshotel/resto/work/beans/HostedCustomerCmd_Roo_JavaBean.aj
/tools/GitHub/ADHOTEL/geshotel/src/main/java/org/adorsys/geshotel/resto/domain/BillOfSale_Roo_Configurable.aj
/tools/GitHub/ADHOTEL/geshotel/src/main/java/org/adorsys/geshotel/web/UserAccountController_Roo_Controller.aj
/tools/GitHub/ADHOTEL/geshotel/src/main/java/org/adorsys/geshotel/resto/domain/BrTable_Roo_ToString.aj
/tools/GitHub/ADHOTEL/geshotel/src/main/java/org/adorsys/geshotel/booking/planning/PlanningService.java
/tools/GitHub/ADHOTEL/geshotel/src/main/java/org/adorsys/geshotel/web/PlanningController.java
/tools/GitHub/ADHOTEL/geshotel/src/main/java/org/adorsys/geshotel/domain/Payment_Roo_Configurable.aj
/tools/GitHub/ADHOTEL/geshotel/src/main/java/org/adorsys/geshotel/web/KitchenOrderItemController.java
/tools/GitHub/ADHOTEL/geshotel/src/main/java/org/adorsys/geshotel/web/CustomerController.java
/tools/GitHub/ADHOTEL/geshotel/src/main/java/org/adorsys/geshotel/web/ParentGroupController_Roo_Controller_Finder.aj
/tools/GitHub/ADHOTEL/geshotel/src/main/java/org/adorsys/geshotel/web/SaleController_Roo_Controller.aj
/tools/GitHub/ADHOTEL/geshotel/src/main/java/org/adorsys/geshotel/web/HotelController_Roo_Controller.aj
/tools/GitHub/ADHOTEL/geshotel/src/main/java/org/adorsys/geshotel/resto/domain/ProductType_Roo_Configurable.aj
/tools/GitHub/ADHOTEL/geshotel/src/main/java/org/adorsys/geshotel/resto/work/exception/MoreProductSaledThanInStockException.java
/tools/GitHub/ADHOTEL/geshotel/src/main/java/org/adorsys/geshotel/resto/domain/ProcurementItem_Roo_Finder.aj
/tools/GitHub/ADHOTEL/geshotel/src/main/java/org/adorsys/geshotel/services/DocumentsPath.java
/tools/GitHub/ADHOTEL/geshotel/src/main/java/org/adorsys/geshotel/web/ReservationController_Roo_Controller.aj
/tools/GitHub/ADHOTEL/geshotel/src/main/java/org/adorsys/geshotel/resto/work/validator/ProductAtUpdateValidator.java
/tools/GitHub/ADHOTEL/geshotel/src/main/java/org/adorsys/geshotel/booking/domain/RoomCategory_Roo_ToString.aj
/tools/GitHub/ADHOTEL/geshotel/src/main/java/org/adorsys/geshotel/web/InventoryCmd.java
/tools/GitHub/ADHOTEL/geshotel/src/main/java/org/adorsys/geshotel/web/DiscountController.java
/tools/GitHub/ADHOTEL/geshotel/src/main/java/org/adorsys/geshotel/booking/domain/Reservation_Roo_Entity.aj
/tools/GitHub/ADHOTEL/geshotel/src/main/java/org/adorsys/geshotel/domain/Service_Roo_Configurable.aj
/tools/GitHub/ADHOTEL/geshotel/src/main/java/org/adorsys/geshotel/resto/domain/Sale.java
/tools/GitHub/ADHOTEL/geshotel/src/main/java/org/adorsys/geshotel/booking/domain/RoomCategory_Roo_Configurable.aj
/tools/GitHub/ADHOTEL/geshotel/src/main/java/org/adorsys/geshotel/web/UploadController.java
/tools/GitHub/ADHOTEL/geshotel/src/main/java/org/adorsys/geshotel/resto/domain/ProcurementItem_Roo_ToString.aj
/tools/GitHub/ADHOTEL/geshotel/src/main/java/org/adorsys/geshotel/domain/security/DynamicRoleHelper.java
/tools/GitHub/ADHOTEL/geshotel/src/main/java/org/adorsys/geshotel/web/BrTableController.java
/tools/GitHub/ADHOTEL/geshotel/src/main/java/org/adorsys/geshotel/web/BillOfSaleController_Roo_Controller_Finder.aj
/tools/GitHub/ADHOTEL/geshotel/src/main/java/org/adorsys/geshotel/booking/domain/InvoiceItem_Roo_Finder.aj
/tools/GitHub/ADHOTEL/geshotel/src/main/java/org/adorsys/geshotel/domain/security/UserAccountDetailsService.java
/tools/GitHub/ADHOTEL/geshotel/src/main/java/org/adorsys/geshotel/resto/domain/ProductType_Roo_Entity.aj
/tools/GitHub/ADHOTEL/geshotel/src/main/java/org/adorsys/geshotel/resto/domain/Sale_Roo_JavaBean.aj
/tools/GitHub/ADHOTEL/geshotel/src/main/java/org/adorsys/geshotel/web/ReservationController.java
/tools/GitHub/ADHOTEL/geshotel/src/main/java/org/adorsys/geshotel/domain/Payment_Roo_Finder.aj
/tools/GitHub/ADHOTEL/geshotel/src/main/java/org/adorsys/geshotel/resto/work/beans/SaleToEmployeeCmd_Roo_JavaBean.aj
/tools/GitHub/ADHOTEL/geshotel/src/main/java/org/adorsys/geshotel/resto/domain/CashRegister_Roo_Finder.aj
/tools/GitHub/ADHOTEL/geshotel/src/main/java/org/adorsys/geshotel/resto/work/beans/SaleItemCommand_Roo_ToString.aj
/tools/GitHub/ADHOTEL/geshotel/src/main/java/org/adorsys/geshotel/resto/domain/Product_Roo_JavaBean.aj
/tools/GitHub/ADHOTEL/geshotel/src/main/java/org/adorsys/geshotel/web/CashRegisterController_Roo_Controller_Finder.aj
/tools/GitHub/ADHOTEL/geshotel/src/main/java/org/adorsys/geshotel/resto/domain/ParentGroup_Roo_Entity.aj
/tools/GitHub/ADHOTEL/geshotel/src/main/java/org/adorsys/geshotel/resto/domain/ProductGroup_Roo_Finder.aj
/tools/GitHub/ADHOTEL/geshotel/src/main/java/org/adorsys/geshotel/web/ProviderController.java
/tools/GitHub/ADHOTEL/geshotel/src/main/java/org/adorsys/geshotel/resto/domain/KitchenOrder_Roo_Finder.aj
/tools/GitHub/ADHOTEL/geshotel/src/main/java/org/adorsys/geshotel/web/DepositController.java
/tools/GitHub/ADHOTEL/geshotel/src/main/java/org/adorsys/geshotel/resto/domain/Provider_Roo_ToString.aj
/tools/GitHub/ADHOTEL/geshotel/src/main/java/org/adorsys/geshotel/web/ProductGroupController_Roo_Controller_Finder.aj
/tools/GitHub/ADHOTEL/geshotel/src/main/java/org/adorsys/geshotel/resto/domain/BillOfSale_Roo_ToString.aj
/tools/GitHub/ADHOTEL/geshotel/src/main/java/org/adorsys/geshotel/web/ext/NotAllowedToWork.java
/tools/GitHub/ADHOTEL/geshotel/src/main/java/org/adorsys/geshotel/resto/domain/Discount.java
/tools/GitHub/ADHOTEL/geshotel/src/main/java/org/adorsys/geshotel/resto/domain/InventoryItem_Roo_Configurable.aj
/tools/GitHub/ADHOTEL/geshotel/src/main/java/org/adorsys/geshotel/web/KitchenOrderController.java
/tools/GitHub/ADHOTEL/geshotel/src/main/java/org/adorsys/geshotel/resto/domain/SaleItem_Roo_JavaBean.aj
/tools/GitHub/ADHOTEL/geshotel/src/main/java/org/adorsys/geshotel/resto/domain/Provider_Roo_Configurable.aj
/tools/GitHub/ADHOTEL/geshotel/src/main/java/org/adorsys/geshotel/resto/work/session/SaleSession.java
/tools/GitHub/ADHOTEL/geshotel/src/main/java/org/adorsys/geshotel/web/BarRestauPaymentController.java
/tools/GitHub/ADHOTEL/geshotel/src/main/java/org/adorsys/geshotel/resto/work/exception/ActivateOpenedCashRegisterException.java
/tools/GitHub/ADHOTEL/geshotel/src/main/java/org/adorsys/geshotel/resto/domain/SaleItem_Roo_ToString.aj
/tools/GitHub/ADHOTEL/geshotel/src/main/java/org/adorsys/geshotel/resto/work/beans/ParentGroupBean_Roo_JavaBean.aj
/tools/GitHub/ADHOTEL/geshotel/src/main/java/org/adorsys/geshotel/web/InvoiceItemController_Roo_Controller_Finder.aj
/tools/GitHub/ADHOTEL/geshotel/src/main/java/org/adorsys/geshotel/booking/domain/OtherService.java
/tools/GitHub/ADHOTEL/geshotel/src/main/java/org/adorsys/geshotel/resto/work/beans/SaleWorkerService.java
/tools/GitHub/ADHOTEL/geshotel/src/main/java/org/adorsys/geshotel/domain/UserAccount_Roo_Finder.aj
/tools/GitHub/ADHOTEL/geshotel/src/main/java/org/adorsys/geshotel/resto/work/beans/SaleMerger.java
/tools/GitHub/ADHOTEL/geshotel/src/main/java/org/adorsys/geshotel/resto/domain/ProcurementItem_Roo_Configurable.aj
/tools/GitHub/ADHOTEL/geshotel/src/main/java/org/adorsys/geshotel/resto/domain/BillOfSale_Roo_Entity.aj
/tools/GitHub/ADHOTEL/geshotel/src/main/java/org/adorsys/geshotel/web/SaleProcessInventoryController.java
/tools/GitHub/ADHOTEL/geshotel/src/main/java/org/adorsys/geshotel/resto/domain/ProductGroup_Roo_ToString.aj
/tools/GitHub/ADHOTEL/geshotel/src/main/java/org/adorsys/geshotel/web/ProductController_Roo_Controller.aj
/tools/GitHub/ADHOTEL/geshotel/src/main/java/org/adorsys/geshotel/web/ProductController_Roo_Controller_Finder.aj
/tools/GitHub/ADHOTEL/geshotel/src/main/java/org/adorsys/geshotel/booking/domain/Room_Roo_Entity.aj
/tools/GitHub/ADHOTEL/geshotel/src/main/java/org/adorsys/geshotel/resto/work/beans/InvalidCashCollectedException.java
/tools/GitHub/ADHOTEL/geshotel/src/main/java/org/adorsys/geshotel/domain/Employee.java
/tools/GitHub/ADHOTEL/geshotel/src/main/java/org/adorsys/geshotel/resto/domain/Supplier_Roo_Configurable.aj
/tools/GitHub/ADHOTEL/geshotel/src/main/java/org/adorsys/geshotel/booking/domain/Room_Roo_JavaBean.aj
/tools/GitHub/ADHOTEL/geshotel/src/main/java/org/adorsys/geshotel/resto/domain/CashRegister_Roo_Entity.aj
/tools/GitHub/ADHOTEL/geshotel/src/main/java/org/adorsys/geshotel/resto/work/beans/BarRestauPaymentCmd.java
/tools/GitHub/ADHOTEL/geshotel/src/main/java/org/adorsys/geshotel/domain/Employee_Roo_JavaBean.aj
/tools/GitHub/ADHOTEL/geshotel/src/main/java/org/adorsys/geshotel/booking/domain/Reservation_Roo_Json.aj
/tools/GitHub/ADHOTEL/geshotel/src/main/java/org/adorsys/geshotel/domain/RoleName.java
/tools/GitHub/ADHOTEL/geshotel/src/main/java/org/adorsys/geshotel/resto/work/beans/CashCollectedQueryBean_Roo_JavaBean.aj
/tools/GitHub/ADHOTEL/geshotel/src/main/java/org/adorsys/geshotel/web/ParentGroupController.java
/tools/GitHub/ADHOTEL/geshotel/src/main/java/org/adorsys/geshotel/booking/domain/InvoiceItem_Roo_JavaBean.aj
/tools/GitHub/ADHOTEL/geshotel/src/main/java/org/adorsys/geshotel/web/ProductTypeController_Roo_Controller.aj
/tools/GitHub/ADHOTEL/geshotel/src/main/java/org/adorsys/geshotel/web/ProductTypeController.java
/tools/GitHub/ADHOTEL/geshotel/src/main/java/org/adorsys/geshotel/resto/domain/BarRestauInvoice_Roo_Entity.aj
/tools/GitHub/ADHOTEL/geshotel/src/main/java/org/adorsys/geshotel/web/InventoryController.java
/tools/GitHub/ADHOTEL/geshotel/src/main/java/org/adorsys/geshotel/web/ProviderController_Roo_Controller.aj
/tools/GitHub/ADHOTEL/geshotel/src/main/java/org/adorsys/geshotel/resto/work/beans/HostedCustomerCmd_Roo_ToString.aj
/tools/GitHub/ADHOTEL/geshotel/src/main/java/org/adorsys/geshotel/booking/domain/Invoice_Roo_Configurable.aj
/tools/GitHub/ADHOTEL/geshotel/src/main/java/org/adorsys/geshotel/utility/Contract.java
/tools/GitHub/ADHOTEL/geshotel/src/main/java/org/adorsys/geshotel/utility/DateUtility.java
/tools/GitHub/ADHOTEL/geshotel/src/main/java/org/adorsys/geshotel/resto/work/exception/InvalidDateIntervalException.java
/tools/GitHub/ADHOTEL/geshotel/src/main/java/org/adorsys/geshotel/resto/work/beans/WorkEntitySession_Roo_JavaBean.aj
/tools/GitHub/ADHOTEL/geshotel/src/main/java/org/adorsys/geshotel/resto/domain/ProductGroup_Roo_Configurable.aj
/tools/GitHub/ADHOTEL/geshotel/src/main/java/org/adorsys/geshotel/resto/domain/CashRegister_Roo_JavaBean.aj
/tools/GitHub/ADHOTEL/geshotel/src/main/java/org/adorsys/geshotel/resto/domain/BarRestauInvoice_Roo_JavaBean.aj
/tools/GitHub/ADHOTEL/geshotel/src/main/java/org/adorsys/geshotel/booking/domain/Invoice_Roo_JavaBean.aj
/tools/GitHub/ADHOTEL/geshotel/src/main/java/org/adorsys/geshotel/booking/domain/InvoiceItem_Roo_Entity.aj
/tools/GitHub/ADHOTEL/geshotel/src/main/java/org/adorsys/geshotel/web/InvoiceController.java
/tools/GitHub/ADHOTEL/geshotel/src/main/java/org/adorsys/geshotel/domain/PayementType.java
/tools/GitHub/ADHOTEL/geshotel/src/main/java/org/adorsys/geshotel/web/BarRestauInvoiceController_Roo_Controller_Finder.aj
/tools/GitHub/ADHOTEL/geshotel/src/main/java/org/adorsys/geshotel/booking/domain/Retrait_Roo_ToString.aj
/tools/GitHub/ADHOTEL/geshotel/src/main/java/org/adorsys/geshotel/resto/work/beans/PaymentProcess.java
/tools/GitHub/ADHOTEL/geshotel/src/main/java/org/adorsys/geshotel/domain/Hotel_Roo_JavaBean.aj
/tools/GitHub/ADHOTEL/geshotel/src/main/java/org/adorsys/geshotel/web/StatistiqueController.java
/tools/GitHub/ADHOTEL/geshotel/src/main/java/org/adorsys/geshotel/booking/domain/InvoiceItem.java
/tools/GitHub/ADHOTEL/geshotel/src/main/java/org/adorsys/geshotel/booking/domain/Deposit_Roo_Entity.aj
/tools/GitHub/ADHOTEL/geshotel/src/main/java/org/adorsys/geshotel/web/ProcurementController_Roo_Controller.aj
/tools/GitHub/ADHOTEL/geshotel/src/main/java/org/adorsys/geshotel/resto/domain/CashRegister_Roo_ToString.aj
/tools/GitHub/ADHOTEL/geshotel/src/main/java/org/adorsys/geshotel/resto/domain/CustomerIdentifierHistory_Roo_Configurable.aj
/tools/GitHub/ADHOTEL/geshotel/src/main/java/org/adorsys/geshotel/resto/domain/BarRestauPayment_Roo_ToString.aj
/tools/GitHub/ADHOTEL/geshotel/src/main/java/org/adorsys/geshotel/booking/domain/Invoice.java
/tools/GitHub/ADHOTEL/geshotel/src/main/java/org/adorsys/geshotel/domain/ext/DateConfigPeriod.java
/tools/GitHub/ADHOTEL/geshotel/src/main/java/org/adorsys/geshotel/booking/domain/InvoiceState.java
/tools/GitHub/ADHOTEL/geshotel/src/main/java/org/adorsys/geshotel/resto/work/beans/WorkEntitySession.java
/tools/GitHub/ADHOTEL/geshotel/src/main/java/org/adorsys/geshotel/web/KitchenOrderItemController_Roo_Controller_Finder.aj
/tools/GitHub/ADHOTEL/geshotel/src/main/java/org/adorsys/geshotel/resto/work/exception/InvalidPaymentException.java
/tools/GitHub/ADHOTEL/geshotel/src/main/java/org/adorsys/geshotel/booking/domain/Deposit_Roo_ToString.aj
/tools/GitHub/ADHOTEL/geshotel/src/main/java/org/adorsys/geshotel/resto/work/beans/CustomerTypeCmd_Roo_ToString.aj
/tools/GitHub/ADHOTEL/geshotel/src/main/java/org/adorsys/geshotel/web/SaleProcessController.java
/tools/GitHub/ADHOTEL/geshotel/src/main/java/org/adorsys/geshotel/resto/domain/Inventory_Roo_JavaBean.aj
/tools/GitHub/ADHOTEL/geshotel/src/main/java/org/adorsys/geshotel/booking/domain/RoomCategory.java
/tools/GitHub/ADHOTEL/geshotel/src/main/java/org/adorsys/geshotel/resto/domain/ProcurementItem_Roo_Entity.aj
/tools/GitHub/ADHOTEL/geshotel/src/main/java/org/adorsys/geshotel/resto/domain/Inventory_Roo_Finder.aj
/tools/GitHub/ADHOTEL/geshotel/src/main/java/org/adorsys/geshotel/resto/domain/BillOfProcurement_Roo_ToString.aj
/tools/GitHub/ADHOTEL/geshotel/src/main/java/org/adorsys/geshotel/web/InventoryProcess_Roo_ToString.aj
/tools/GitHub/ADHOTEL/geshotel/src/main/java/org/adorsys/geshotel/resto/work/exception/CloseClosedCashRegisterException.java
/tools/GitHub/ADHOTEL/geshotel/src/main/java/org/adorsys/geshotel/web/PaymentController_Roo_Controller.aj
/tools/GitHub/ADHOTEL/geshotel/src/main/java/org/adorsys/geshotel/resto/domain/Provider_Roo_Entity.aj
/tools/GitHub/ADHOTEL/geshotel/src/main/java/org/adorsys/geshotel/resto/work/beans/HostedCustomerCmd.java
/tools/GitHub/ADHOTEL/geshotel/src/main/java/org/adorsys/geshotel/web/PaymentController_Roo_Controller_Finder.aj
/tools/GitHub/ADHOTEL/geshotel/src/main/java/org/adorsys/geshotel/resto/work/beans/SaleProcess.java
/tools/GitHub/ADHOTEL/geshotel/src/main/java/org/adorsys/geshotel/resto/domain/Supplier_Roo_Entity.aj
/tools/GitHub/ADHOTEL/geshotel/src/main/java/org/adorsys/geshotel/web/CustomerIdentifierHistoryController.java
/tools/GitHub/ADHOTEL/geshotel/src/main/java/org/adorsys/geshotel/web/ext/CompleteModel.java
/tools/GitHub/ADHOTEL/geshotel/src/main/java/org/adorsys/geshotel/resto/domain/KitchenOrder_Roo_Configurable.aj
/tools/GitHub/ADHOTEL/geshotel/src/main/java/org/adorsys/geshotel/web/InventoryProcessController.java
/tools/GitHub/ADHOTEL/geshotel/src/main/java/org/adorsys/geshotel/web/BillOfSaleController.java
/tools/GitHub/ADHOTEL/geshotel/src/main/java/org/adorsys/geshotel/web/InventoryProcess.java
/tools/GitHub/ADHOTEL/geshotel/src/main/java/org/adorsys/geshotel/resto/domain/ParentGroup_Roo_JavaBean.aj
/tools/GitHub/ADHOTEL/geshotel/src/main/java/org/adorsys/geshotel/domain/Customer.java
/tools/GitHub/ADHOTEL/geshotel/src/main/java/org/adorsys/geshotel/domain/Service.java
/tools/GitHub/ADHOTEL/geshotel/src/main/java/org/adorsys/geshotel/web/ProcurementController.java
/tools/GitHub/ADHOTEL/geshotel/src/main/java/org/adorsys/geshotel/web/EmployeeController_Roo_Controller.aj
/tools/GitHub/ADHOTEL/geshotel/src/main/java/org/adorsys/geshotel/resto/work/exception/SuspendSupendeCashRegisterException.java
/tools/GitHub/ADHOTEL/geshotel/src/main/java/org/adorsys/geshotel/resto/domain/ProcurementItem_Roo_JavaBean.aj
/tools/GitHub/ADHOTEL/geshotel/src/main/java/org/adorsys/geshotel/web/SaleController_Roo_Controller_Finder.aj
/tools/GitHub/ADHOTEL/geshotel/src/main/java/org/adorsys/geshotel/web/KitchenOrderItemController_Roo_Controller.aj
/tools/GitHub/ADHOTEL/geshotel/src/main/java/org/adorsys/geshotel/web/SupplierController_Roo_Controller.aj
/tools/GitHub/ADHOTEL/geshotel/src/main/java/org/adorsys/geshotel/resto/domain/BarRestauPayment_Roo_Finder.aj
/tools/GitHub/ADHOTEL/geshotel/src/main/java/org/adorsys/geshotel/domain/Service_Roo_Entity.aj
/tools/GitHub/ADHOTEL/geshotel/src/main/java/org/adorsys/geshotel/web/BillOfProcurementController_Roo_Controller.aj
/tools/GitHub/ADHOTEL/geshotel/src/main/java/org/adorsys/geshotel/resto/work/beans/ProcurementProcess_Roo_JavaBean.aj
/tools/GitHub/ADHOTEL/geshotel/src/main/java/org/adorsys/geshotel/web/KitchenOrderController_Roo_Controller.aj
/tools/GitHub/ADHOTEL/geshotel/src/main/java/org/adorsys/geshotel/web/KitchenController.java
/tools/GitHub/ADHOTEL/geshotel/src/main/java/org/adorsys/geshotel/web/ServiceController.java
/tools/GitHub/ADHOTEL/geshotel/src/main/java/org/adorsys/geshotel/resto/domain/CustomerIdentifierHistory_Roo_ToString.aj
/tools/GitHub/ADHOTEL/geshotel/src/main/java/org/adorsys/geshotel/booking/domain/Invoice_Roo_Entity.aj
/tools/GitHub/ADHOTEL/geshotel/src/main/java/org/adorsys/geshotel/resto/domain/ProductGroup_Roo_JavaBean.aj
/tools/GitHub/ADHOTEL/geshotel/src/main/java/org/adorsys/geshotel/booking/domain/InvoiceItem_Roo_Configurable.aj
/tools/GitHub/ADHOTEL/geshotel/src/main/java/org/adorsys/geshotel/resto/domain/BarRestauPayment_Roo_JavaBean.aj
/tools/GitHub/ADHOTEL/geshotel/src/main/java/org/adorsys/geshotel/web/PasswordReset.java
/tools/GitHub/ADHOTEL/geshotel/src/main/java/org/adorsys/geshotel/resto/domain/Product_Roo_Finder.aj
/tools/GitHub/ADHOTEL/geshotel/src/main/java/org/adorsys/geshotel/domain/Payment_Roo_Entity.aj
/tools/GitHub/ADHOTEL/geshotel/src/main/java/org/adorsys/geshotel/resto/work/beans/AllGroupAndSaleReport_Roo_JavaBean.aj
/tools/GitHub/ADHOTEL/geshotel/src/main/java/org/adorsys/geshotel/web/ServiceController_Roo_Controller.aj
/tools/GitHub/ADHOTEL/geshotel/src/main/java/org/adorsys/geshotel/domain/DataInitializerHelper.java
/tools/GitHub/ADHOTEL/geshotel/src/main/java/org/adorsys/geshotel/web/InvoiceItemController_Roo_Controller.aj
/tools/GitHub/ADHOTEL/geshotel/src/main/java/org/adorsys/geshotel/web/PeriodConfController_Roo_Controller.aj
/tools/GitHub/ADHOTEL/geshotel/src/main/java/org/adorsys/geshotel/web/HomeController.java
/tools/GitHub/ADHOTEL/geshotel/src/main/java/org/adorsys/geshotel/resto/work/beans/CashCollectedQueryBean.java
/tools/GitHub/ADHOTEL/geshotel/src/main/java/org/adorsys/geshotel/resto/domain/Discount_Roo_Configurable.aj
/tools/GitHub/ADHOTEL/geshotel/src/main/java/org/adorsys/geshotel/booking/domain/RoomCategory_Roo_Entity.aj
/tools/GitHub/ADHOTEL/geshotel/src/main/java/org/adorsys/geshotel/resto/domain/Sale_Roo_Configurable.aj
/tools/GitHub/ADHOTEL/geshotel/src/main/java/org/adorsys/geshotel/web/ProcurementItemController.java
/tools/GitHub/ADHOTEL/geshotel/src/main/java/org/adorsys/geshotel/web/ProcurementController_Roo_Controller_Finder.aj
/tools/GitHub/ADHOTEL/geshotel/src/main/java/org/adorsys/geshotel/web/RetraitController_Roo_Controller.aj
/tools/GitHub/ADHOTEL/geshotel/src/main/java/org/adorsys/geshotel/domain/Service_Roo_ToString.aj
/tools/GitHub/ADHOTEL/geshotel/src/main/java/org/adorsys/geshotel/booking/domain/OtherService_Roo_ToString.aj
/tools/GitHub/ADHOTEL/geshotel/src/main/java/org/adorsys/geshotel/domain/ext/IdGenerator.java
/tools/GitHub/ADHOTEL/geshotel/src/main/java/org/adorsys/geshotel/resto/domain/PeriodConf_Roo_ToString.aj
/tools/GitHub/ADHOTEL/geshotel/src/main/java/org/adorsys/geshotel/resto/work/beans/SaleToEmployeeCmd.java
/tools/GitHub/ADHOTEL/geshotel/src/main/java/org/adorsys/geshotel/domain/Service_Roo_JavaBean.aj
/tools/GitHub/ADHOTEL/geshotel/src/main/java/org/adorsys/geshotel/domain/Customer_Roo_Entity.aj
/tools/GitHub/ADHOTEL/geshotel/src/main/java/org/adorsys/geshotel/web/CustomerController_Roo_Controller_Finder.aj
/tools/GitHub/ADHOTEL/geshotel/src/main/java/org/adorsys/geshotel/booking/domain/OtherService_Roo_Entity.aj
/tools/GitHub/ADHOTEL/geshotel/src/main/java/org/adorsys/geshotel/resto/domain/Procurement_Roo_ToString.aj
/tools/GitHub/ADHOTEL/geshotel/src/main/java/org/adorsys/geshotel/domain/Payment.java
/tools/GitHub/ADHOTEL/geshotel/src/main/java/org/adorsys/geshotel/booking/domain/Invoice_Roo_Finder.aj
/tools/GitHub/ADHOTEL/geshotel/src/main/java/org/adorsys/geshotel/web/ext/ApplicationInitFilter.java
/tools/GitHub/ADHOTEL/geshotel/src/main/java/org/adorsys/geshotel/resto/domain/Provider_Roo_JavaBean.aj
/tools/GitHub/ADHOTEL/geshotel/src/main/java/org/adorsys/geshotel/web/OtherServiceController_Roo_Controller.aj
/tools/GitHub/ADHOTEL/geshotel/src/main/java/org/adorsys/geshotel/resto/domain/InventoryItem_Roo_JavaBean.aj
/tools/GitHub/ADHOTEL/geshotel/src/main/java/org/adorsys/geshotel/resto/domain/BrTable_Roo_Configurable.aj
/tools/GitHub/ADHOTEL/geshotel/src/main/java/org/adorsys/geshotel/booking/domain/OtherService_Roo_JavaBean.aj
/tools/GitHub/ADHOTEL/geshotel/src/main/java/org/adorsys/geshotel/domain/Employee_Roo_Entity.aj
/tools/GitHub/ADHOTEL/geshotel/src/main/java/org/adorsys/geshotel/web/InvoiceController_Roo_Controller_Finder.aj
/tools/GitHub/ADHOTEL/geshotel/src/main/java/org/adorsys/geshotel/resto/work/beans/GroupAndSaleReport_Roo_ToString.aj
/tools/GitHub/ADHOTEL/geshotel/src/main/java/org/adorsys/geshotel/web/SaleItemController_Roo_Controller_Finder.aj
/tools/GitHub/ADHOTEL/geshotel/src/main/java/org/adorsys/geshotel/resto/domain/BillOfProcurement_Roo_JavaBean.aj
/tools/GitHub/ADHOTEL/geshotel/src/main/java/org/adorsys/geshotel/web/ReservationController_Roo_Controller_Json.aj
/tools/GitHub/ADHOTEL/geshotel/src/main/java/org/adorsys/geshotel/web/InvoiceItemController.java
/tools/GitHub/ADHOTEL/geshotel/src/main/java/org/adorsys/geshotel/resto/domain/ProductType_Roo_JavaBean.aj
/tools/GitHub/ADHOTEL/geshotel/src/main/java/org/adorsys/geshotel/resto/domain/KitchenOrderItem_Roo_Configurable.aj
/tools/GitHub/ADHOTEL/geshotel/src/main/java/org/adorsys/geshotel/resto/domain/Product_.java
/tools/GitHub/ADHOTEL/geshotel/src/main/java/org/adorsys/geshotel/resto/domain/SaleItem_Roo_Finder.aj
/tools/GitHub/ADHOTEL/geshotel/src/main/java/org/adorsys/geshotel/resto/domain/InventoryItem_Roo_Finder.aj
/tools/GitHub/ADHOTEL/geshotel/src/main/java/org/adorsys/geshotel/web/RoomController_Roo_Controller_Finder.aj
/tools/GitHub/ADHOTEL/geshotel/src/main/java/org/adorsys/geshotel/resto/domain/BarRestauPayment_Roo_Configurable.aj
/tools/GitHub/ADHOTEL/geshotel/src/main/java/org/adorsys/geshotel/resto/work/exception/UnableToAddInventoryItem.java
/tools/GitHub/ADHOTEL/geshotel/src/main/java/org/adorsys/geshotel/resto/domain/ParentGroup_Roo_Configurable.aj
/tools/GitHub/ADHOTEL/geshotel/src/main/java/org/adorsys/geshotel/domain/Customer_Roo_JavaBean.aj
/tools/GitHub/ADHOTEL/geshotel/src/main/java/org/adorsys/geshotel/web/SaleController.java
/tools/GitHub/ADHOTEL/geshotel/src/main/java/org/adorsys/geshotel/resto/work/exception/SuspendClosedCashRegisterException.java
/tools/GitHub/ADHOTEL/geshotel/src/main/java/org/adorsys/geshotel/web/ProcurementItemController_Roo_Controller.aj
/tools/GitHub/ADHOTEL/geshotel/src/main/java/org/adorsys/geshotel/resto/domain/Procurement_Roo_Configurable.aj
/tools/GitHub/ADHOTEL/geshotel/src/main/java/org/adorsys/geshotel/web/RoomController.java
/tools/GitHub/ADHOTEL/geshotel/src/main/java/org/adorsys/geshotel/booking/domain/Invoice_Roo_ToString.aj
/tools/GitHub/ADHOTEL/geshotel/src/main/java/org/adorsys/geshotel/resto/work/beans/SaleToEmployeeCmd_Roo_ToString.aj
/tools/GitHub/ADHOTEL/geshotel/src/main/java/org/adorsys/geshotel/resto/work/beans/CustomerTypeCmd.java
/tools/GitHub/ADHOTEL/geshotel/src/main/java/org/adorsys/geshotel/resto/domain/PeriodConf_Roo_Configurable.aj
/tools/GitHub/ADHOTEL/geshotel/src/main/java/org/adorsys/geshotel/resto/domain/BrTable_Roo_JavaBean.aj
/tools/GitHub/ADHOTEL/geshotel/src/main/java/org/adorsys/geshotel/resto/domain/SaleItem_Roo_Configurable.aj
/tools/GitHub/ADHOTEL/geshotel/src/main/java/org/adorsys/geshotel/resto/domain/ProductGroup.java
/tools/GitHub/ADHOTEL/geshotel/src/main/java/org/adorsys/geshotel/booking/domain/Room.java
/tools/GitHub/ADHOTEL/geshotel/src/main/java/org/adorsys/geshotel/web/SupplierController.java
/tools/GitHub/ADHOTEL/geshotel/src/main/java/org/adorsys/geshotel/domain/Gender.java
/tools/GitHub/ADHOTEL/geshotel/src/main/java/org/adorsys/geshotel/resto/domain/PeriodConf_Roo_JavaBean.aj
/tools/GitHub/ADHOTEL/geshotel/src/main/java/org/adorsys/geshotel/resto/domain/CustomerIdentifierHistory_Roo_Entity.aj
/tools/GitHub/ADHOTEL/geshotel/src/main/java/org/adorsys/geshotel/resto/domain/ProcurementItem.java
/tools/GitHub/ADHOTEL/geshotel/src/main/java/org/adorsys/geshotel/resto/domain/Procurement.java
/tools/GitHub/ADHOTEL/geshotel/src/main/java/org/adorsys/geshotel/web/ProcurementProcessController.java
/tools/GitHub/ADHOTEL/geshotel/src/main/java/org/adorsys/geshotel/domain/Hotel_Roo_Entity.aj
/tools/GitHub/ADHOTEL/geshotel/src/main/java/org/adorsys/geshotel/web/InventoryItemController_Roo_Controller_Finder.aj
/tools/GitHub/ADHOTEL/geshotel/src/main/java/org/adorsys/geshotel/domain/UserAccount.java
/tools/GitHub/ADHOTEL/geshotel/src/main/java/org/adorsys/geshotel/resto/domain/KitchenOrder_Roo_JavaBean.aj
/tools/GitHub/ADHOTEL/geshotel/src/main/java/org/adorsys/geshotel/resto/work/beans/CustomReservationImg.java
/tools/GitHub/ADHOTEL/geshotel/src/main/java/org/adorsys/geshotel/domain/Employee_Roo_Configurable.aj
/tools/GitHub/ADHOTEL/geshotel/src/main/java/org/adorsys/geshotel/resto/domain/Inventory_Roo_Configurable.aj
/tools/GitHub/ADHOTEL/geshotel/src/main/java/org/adorsys/geshotel/booking/domain/Reservation_Roo_Configurable.aj
/tools/GitHub/ADHOTEL/geshotel/src/main/java/org/adorsys/geshotel/web/CashRegisterController.java
/tools/GitHub/ADHOTEL/geshotel/src/main/java/org/adorsys/geshotel/web/ProcurementItemController_Roo_Controller_Finder.aj
/tools/GitHub/ADHOTEL/geshotel/src/main/java/org/adorsys/geshotel/web/ReservationController_Roo_Controller_Finder.aj
/tools/GitHub/ADHOTEL/geshotel/src/main/java/org/adorsys/geshotel/booking/planning/CellsLine.java
/tools/GitHub/ADHOTEL/geshotel/src/main/java/org/adorsys/geshotel/resto/domain/BillOfSale_Roo_JavaBean.aj
/tools/GitHub/ADHOTEL/geshotel/src/main/java/org/adorsys/geshotel/booking/planning/Cell.java
/tools/GitHub/ADHOTEL/geshotel/src/main/java/org/adorsys/geshotel/resto/domain/InventoryItem_Roo_Entity.aj
/tools/GitHub/ADHOTEL/geshotel/src/main/java/org/adorsys/geshotel/resto/domain/Discount_Roo_JavaBean.aj
/tools/GitHub/ADHOTEL/geshotel/src/main/java/org/adorsys/geshotel/domain/Customer_Roo_Json.aj
/tools/GitHub/ADHOTEL/geshotel/src/main/java/org/adorsys/geshotel/resto/domain/ParentGroup_Roo_ToString.aj
/tools/GitHub/ADHOTEL/geshotel/src/main/java/org/adorsys/geshotel/resto/work/beans/SaleMerger_Roo_ToString.aj
/tools/GitHub/ADHOTEL/geshotel/src/main/java/org/adorsys/geshotel/domain/Customer_Roo_Configurable.aj
/tools/GitHub/ADHOTEL/geshotel/src/main/java/org/adorsys/geshotel/web/RoomCategoryController.java
/tools/GitHub/ADHOTEL/geshotel/src/main/java/org/adorsys/geshotel/web/EmployeeController.java
/tools/GitHub/ADHOTEL/geshotel/src/main/java/org/adorsys/geshotel/booking/domain/PayementState.java
/tools/GitHub/ADHOTEL/geshotel/src/main/java/org/adorsys/geshotel/resto/domain/CustomerType.java
/tools/GitHub/ADHOTEL/geshotel/src/main/java/org/adorsys/geshotel/resto/domain/CashRegister.java
/tools/GitHub/ADHOTEL/geshotel/src/main/java/org/adorsys/geshotel/domain/security/SecurityUtil.java
/tools/GitHub/ADHOTEL/geshotel/src/main/java/org/adorsys/geshotel/web/CustomerController_Roo_Controller_Json.aj
/tools/GitHub/ADHOTEL/geshotel/src/main/java/org/adorsys/geshotel/booking/domain/Room_Roo_ToString.aj
/tools/GitHub/ADHOTEL/geshotel/src/main/java/org/adorsys/geshotel/web/KitchenOrderController_Roo_Controller_Finder.aj
/tools/GitHub/ADHOTEL/geshotel/src/main/java/org/adorsys/geshotel/web/ext/ApplicationInitService.java
/tools/GitHub/ADHOTEL/geshotel/src/main/java/org/adorsys/geshotel/resto/domain/CustomerIdentifierHistory_Roo_JavaBean.aj
/tools/GitHub/ADHOTEL/geshotel/src/main/java/org/adorsys/geshotel/web/BillOfSaleController_Roo_Controller.aj
/tools/GitHub/ADHOTEL/geshotel/src/main/java/org/adorsys/geshotel/resto/domain/Product_Roo_ToString.aj
/tools/GitHub/ADHOTEL/geshotel/src/main/java/org/adorsys/geshotel/web/ext/TimeBaseAccessInterceptor.java
/tools/GitHub/ADHOTEL/geshotel/src/main/java/org/adorsys/geshotel/web/HotelController.java
/tools/GitHub/ADHOTEL/geshotel/src/main/java/org/adorsys/geshotel/resto/domain/Sale_Roo_ToString.aj
/tools/GitHub/ADHOTEL/geshotel/src/main/java/org/adorsys/geshotel/booking/domain/OtherService_Roo_Configurable.aj
/tools/GitHub/ADHOTEL/geshotel/src/main/java/org/adorsys/geshotel/resto/work/beans/SaleMerger_Roo_JavaBean.aj
/tools/GitHub/ADHOTEL/geshotel/src/main/java/org/adorsys/geshotel/web/ApplicationConversionServiceFactoryBean.java
/tools/GitHub/ADHOTEL/geshotel/src/main/java/org/adorsys/geshotel/web/UserAccountController_Roo_Controller_Finder.aj
/tools/GitHub/ADHOTEL/geshotel/src/main/java/org/adorsys/geshotel/web/RoomController_Roo_Controller.aj
/tools/GitHub/ADHOTEL/geshotel/src/main/java/org/adorsys/geshotel/resto/domain/Supplier.java
/tools/GitHub/ADHOTEL/geshotel/src/main/java/org/adorsys/geshotel/web/BarRestauPaymentController_Roo_Controller_Finder.aj
/tools/GitHub/ADHOTEL/geshotel/src/main/java/org/adorsys/geshotel/web/UserAccountController.java
/tools/GitHub/ADHOTEL/geshotel/src/main/java/org/adorsys/geshotel/resto/domain/Procurement_Roo_JavaBean.aj
/tools/GitHub/ADHOTEL/geshotel/src/main/java/org/adorsys/geshotel/resto/work/beans/DetailedSaleBean_Roo_Json.aj
/tools/GitHub/ADHOTEL/geshotel/src/main/java/org/adorsys/geshotel/resto/domain/KitchenOrder.java
/tools/GitHub/ADHOTEL/geshotel/src/main/java/org/adorsys/geshotel/web/PaymentController.java
/tools/GitHub/ADHOTEL/geshotel/src/main/java/org/adorsys/geshotel/resto/domain/BrTable_Roo_Entity.aj
/tools/GitHub/ADHOTEL/geshotel/src/main/java/org/adorsys/geshotel/web/BrTableController_Roo_Controller.aj
/tools/GitHub/ADHOTEL/geshotel/src/main/java/org/adorsys/geshotel/domain/ext/DateConfig.java
/tools/GitHub/ADHOTEL/geshotel/src/main/java/org/adorsys/geshotel/resto/work/beans/DetailedSaleBean.java
/tools/GitHub/ADHOTEL/geshotel/src/main/java/org/adorsys/geshotel/booking/domain/Deposit_Roo_JavaBean.aj
/tools/GitHub/ADHOTEL/geshotel/src/main/java/org/adorsys/geshotel/resto/domain/SaleItem_Roo_Entity.aj
/tools/GitHub/ADHOTEL/geshotel/src/main/java/org/adorsys/geshotel/web/InventoryController_Roo_Controller.aj
/tools/GitHub/ADHOTEL/geshotel/src/main/java/org/adorsys/geshotel/domain/Payment_Roo_ToString.aj
/tools/GitHub/ADHOTEL/geshotel/src/main/java/org/adorsys/geshotel/web/CustomerIdentifierHistoryController_Roo_Controller.aj
/tools/GitHub/ADHOTEL/geshotel/src/main/java/org/adorsys/geshotel/resto/domain/BarRestauInvoice_Roo_Configurable.aj
/tools/GitHub/ADHOTEL/geshotel/src/main/java/org/adorsys/geshotel/web/ParentGroupController_Roo_Controller.aj
/tools/GitHub/ADHOTEL/geshotel/src/main/java/org/adorsys/geshotel/resto/domain/Inventory.java
/tools/GitHub/ADHOTEL/geshotel/src/main/java/org/adorsys/geshotel/web/InventoryCmd_Roo_JavaBean.aj
/tools/GitHub/ADHOTEL/geshotel/src/main/java/org/adorsys/geshotel/resto/work/beans/GroupAndSaleReport.java
/tools/GitHub/ADHOTEL/geshotel/src/main/java/org/adorsys/geshotel/resto/domain/BillOfProcurement.java
/tools/GitHub/ADHOTEL/geshotel/src/main/java/org/adorsys/geshotel/resto/domain/KitchenOrderItem_Roo_Finder.aj
/tools/GitHub/ADHOTEL/geshotel/src/main/java/org/adorsys/geshotel/booking/domain/Reservation.java
/tools/GitHub/ADHOTEL/geshotel/src/main/java/org/adorsys/geshotel/resto/domain/Sale_Roo_Entity.aj
/tools/GitHub/ADHOTEL/geshotel/src/main/java/org/adorsys/geshotel/resto/work/beans/InventoryByItemComparator.java
/tools/GitHub/ADHOTEL/geshotel/src/main/java/org/adorsys/geshotel/web/InventoryItemController.java
/tools/GitHub/ADHOTEL/geshotel/src/main/java/org/adorsys/geshotel/resto/domain/InventoryItem.java
/tools/GitHub/ADHOTEL/geshotel/src/main/java/org/adorsys/geshotel/resto/domain/Inventory_Roo_Entity.aj
/tools/GitHub/ADHOTEL/geshotel/src/main/java/org/adorsys/geshotel/resto/domain/Discount_Roo_ToString.aj
/tools/GitHub/ADHOTEL/geshotel/src/main/java/org/adorsys/geshotel/domain/Customer_Roo_Finder.aj
/tools/GitHub/ADHOTEL/geshotel/src/main/java/org/adorsys/geshotel/domain/UserAccount_Roo_JavaBean.aj
/tools/GitHub/ADHOTEL/geshotel/src/main/java/org/adorsys/geshotel/domain/UserAccount_Roo_ToString.aj
/tools/GitHub/ADHOTEL/geshotel/src/main/java/org/adorsys/geshotel/web/CashRegisterController_Roo_Controller.aj
/tools/GitHub/ADHOTEL/geshotel/src/main/java/org/adorsys/geshotel/web/ext/AccessDeniedController.java
/tools/GitHub/ADHOTEL/geshotel/src/main/java/org/adorsys/geshotel/resto/work/beans/AllGroupAndSaleReport.java
/tools/GitHub/ADHOTEL/geshotel/src/main/java/org/adorsys/geshotel/resto/domain/Supplier_Roo_ToString.aj
/tools/GitHub/ADHOTEL/geshotel/src/main/java/org/adorsys/geshotel/resto/work/beans/CustomReservationImg_Roo_ToString.aj
/tools/GitHub/ADHOTEL/geshotel/src/main/java/org/adorsys/geshotel/resto/domain/ParentGroup_Roo_Finder.aj
/tools/GitHub/ADHOTEL/geshotel/src/main/java/org/adorsys/geshotel/resto/domain/InventoryItem_Roo_ToString.aj
/tools/GitHub/ADHOTEL/geshotel/src/main/java/org/adorsys/geshotel/resto/domain/ProductGroup_Roo_Entity.aj
/tools/GitHub/ADHOTEL/geshotel/src/main/java/org/adorsys/geshotel/web/BarRestauPaymentController_Roo_Controller.aj
/tools/GitHub/ADHOTEL/geshotel/src/main/java/org/adorsys/geshotel/domain/UserAccount_Roo_Entity.aj
/tools/GitHub/ADHOTEL/geshotel/src/main/java/org/adorsys/geshotel/web/InvoiceController_Roo_Controller.aj
/tools/GitHub/ADHOTEL/geshotel/src/main/java/org/adorsys/geshotel/resto/domain/Product_Roo_Entity.aj
/tools/GitHub/ADHOTEL/geshotel/src/main/java/org/adorsys/geshotel/web/SaleItemController.java
/tools/GitHub/ADHOTEL/geshotel/src/main/java/org/adorsys/geshotel/resto/domain/Product_Roo_Configurable.aj
/tools/GitHub/ADHOTEL/geshotel/src/main/java/org/adorsys/geshotel/resto/domain/BarRestauInvoice_Roo_Finder.aj
/tools/GitHub/ADHOTEL/geshotel/src/main/java/org/adorsys/geshotel/resto/domain/KitchenOrderItem.java
/tools/GitHub/ADHOTEL/geshotel/src/main/java/org/adorsys/geshotel/resto/domain/BillOfProcurement_Roo_Entity.aj
/tools/GitHub/ADHOTEL/geshotel/src/main/java/org/adorsys/geshotel/utility/ErrorMessage.java
/tools/GitHub/ADHOTEL/geshotel/src/main/java/org/adorsys/geshotel/resto/domain/BarRestauPayment_Roo_Entity.aj
/tools/GitHub/ADHOTEL/geshotel/src/main/java/org/adorsys/geshotel/web/OtherServiceController.java
/tools/GitHub/ADHOTEL/geshotel/src/main/java/org/adorsys/geshotel/resto/domain/KitchenOrderItem_Roo_JavaBean.aj
/tools/GitHub/ADHOTEL/geshotel/src/main/java/org/adorsys/geshotel/resto/domain/KitchenOrder_Roo_Entity.aj
/tools/GitHub/ADHOTEL/geshotel/src/main/java/org/adorsys/geshotel/resto/domain/CustomerIdentifierHistory.java
/tools/GitHub/ADHOTEL/geshotel/src/main/java/org/adorsys/geshotel/services/AdhotelPrintDocumentService.java
/tools/GitHub/ADHOTEL/geshotel/src/main/java/org/adorsys/geshotel/resto/domain/PeriodConf.java
/tools/GitHub/ADHOTEL/geshotel/src/main/java/org/adorsys/geshotel/resto/domain/BillOfSale.java
/tools/GitHub/ADHOTEL/geshotel/src/main/java/org/adorsys/geshotel/web/PrintDocumentsController.java
/tools/GitHub/ADHOTEL/geshotel/src/main/java/org/adorsys/geshotel/domain/security/HotelAuthSuccessHandler.java
/tools/GitHub/ADHOTEL/geshotel/src/main/java/org/adorsys/geshotel/booking/domain/Deposit_Roo_Configurable.aj
/tools/GitHub/ADHOTEL/geshotel/src/main/java/org/adorsys/geshotel/resto/domain/Procurement_Roo_Finder.aj
/tools/GitHub/ADHOTEL/geshotel/src/main/java/org/adorsys/geshotel/resto/domain/PeriodConf_Roo_Finder.aj
/tools/GitHub/ADHOTEL/geshotel/src/main/java/org/adorsys/geshotel/web/PaymentProcessController.java
/tools/GitHub/ADHOTEL/geshotel/src/main/java/org/adorsys/geshotel/domain/Hotel_Roo_ToString.aj
/tools/GitHub/ADHOTEL/geshotel/src/main/java/org/adorsys/geshotel/booking/domain/Room_Roo_Finder.aj
/tools/GitHub/ADHOTEL/geshotel/src/main/java/org/adorsys/geshotel/utility/ImageService.java
/tools/GitHub/ADHOTEL/geshotel/src/main/java/org/adorsys/geshotel/domain/Employee_Roo_ToString.aj
/tools/GitHub/ADHOTEL/geshotel/src/main/java/org/adorsys/geshotel/booking/domain/Retrait_Roo_Entity.aj
/tools/GitHub/ADHOTEL/geshotel/src/main/java/org/adorsys/geshotel/resto/work/beans/InventoryDateComparator.java
/tools/GitHub/ADHOTEL/geshotel/src/main/java/org/adorsys/geshotel/web/BarRestauInvoiceController.java
/tools/GitHub/ADHOTEL/geshotel/src/main/java/org/adorsys/geshotel/web/PasswordResetController.java
/tools/GitHub/ADHOTEL/geshotel/src/main/java/org/adorsys/geshotel/resto/domain/ProductType.java
/tools/GitHub/ADHOTEL/geshotel/src/main/java/org/adorsys/geshotel/resto/domain/PeriodConf_Roo_Entity.aj
/tools/GitHub/ADHOTEL/geshotel/src/main/java/org/adorsys/geshotel/booking/domain/ReservationState.java
/tools/GitHub/ADHOTEL/geshotel/src/main/java/org/adorsys/geshotel/resto/domain/BrTable.java
/tools/GitHub/ADHOTEL/geshotel/src/main/java/org/adorsys/geshotel/resto/domain/BillOfSale_Roo_Finder.aj
/tools/GitHub/ADHOTEL/geshotel/src/main/java/org/adorsys/geshotel/domain/UserAccount_Roo_Configurable.aj
/tools/GitHub/ADHOTEL/geshotel/src/main/java/org/adorsys/geshotel/web/BillOfProcurementController.java
/tools/GitHub/ADHOTEL/geshotel/src/main/java/org/adorsys/geshotel/resto/work/beans/ProcurementProcess.java
/tools/GitHub/ADHOTEL/geshotel/src/main/java/org/adorsys/geshotel/booking/planning/CellsDashboard.java
/tools/GitHub/ADHOTEL/geshotel/src/main/java/org/adorsys/geshotel/web/InventoryController_Roo_Controller_Finder.aj
/tools/GitHub/ADHOTEL/geshotel/src/main/java/org/adorsys/geshotel/web/DiscountController_Roo_Controller.aj
/tools/GitHub/ADHOTEL/geshotel/src/main/java/org/adorsys/geshotel/booking/domain/Room_Roo_Configurable.aj
/tools/GitHub/ADHOTEL/geshotel/src/main/java/org/adorsys/geshotel/resto/domain/BarRestauPayment.java
/tools/GitHub/ADHOTEL/geshotel/src/main/java/org/adorsys/geshotel/resto/work/exception/NoParentGroupFound.java
/tools/GitHub/ADHOTEL/geshotel/src/main/java/org/adorsys/geshotel/resto/domain/KitchenOrderItem_Roo_Entity.aj
/tools/GitHub/ADHOTEL/geshotel/src/main/java/org/adorsys/geshotel/booking/planning/Planning.java
/tools/GitHub/ADHOTEL/geshotel/src/main/java/org/adorsys/geshotel/web/DepositController_Roo_Controller.aj
/tools/GitHub/ADHOTEL/geshotel/src/main/java/org/adorsys/geshotel/resto/domain/SaleItem.java
/tools/GitHub/ADHOTEL/geshotel/src/main/java/org/adorsys/geshotel/resto/domain/BarRestauInvoice.java
/tools/GitHub/ADHOTEL/geshotel/src/main/java/org/adorsys/geshotel/resto/domain/Inventory_Roo_ToString.aj
/tools/GitHub/ADHOTEL/geshotel/src/main/java/org/adorsys/geshotel/booking/domain/Reservation_Roo_ToString.aj
/tools/GitHub/ADHOTEL/geshotel/src/main/java/org/adorsys/geshotel/resto/work/beans/CustomerTypeCmd_Roo_JavaBean.aj
/tools/GitHub/ADHOTEL/geshotel/src/main/java/org/adorsys/geshotel/resto/domain/KitchenOrderItem_Roo_ToString.aj
/tools/GitHub/ADHOTEL/geshotel/src/main/java/org/adorsys/geshotel/resto/domain/CashRegister_Roo_Configurable.aj
/tools/GitHub/ADHOTEL/geshotel/src/main/java/org/adorsys/geshotel/web/PeriodConfController.java
/tools/GitHub/ADHOTEL/geshotel/src/main/java/org/adorsys/geshotel/resto/work/beans/SaleProcess_Roo_JavaBean.aj
/tools/GitHub/ADHOTEL/geshotel/src/main/java/org/adorsys/geshotel/domain/Hotel_Roo_Configurable.aj
/tools/GitHub/ADHOTEL/geshotel/src/main/java/org/adorsys/geshotel/web/ApplicationConversionServiceFactoryBean_Roo_ConversionService.aj
/tools/GitHub/ADHOTEL/geshotel/src/main/java/org/adorsys/geshotel/web/ProductGroupController.java
/tools/GitHub/ADHOTEL/geshotel/src/main/java/org/adorsys/geshotel/resto/domain/BillOfProcurement_Roo_Configurable.aj
/tools/GitHub/ADHOTEL/geshotel/src/main/java/org/adorsys/geshotel/resto/domain/BrTable_.java
/tools/GitHub/ADHOTEL/geshotel/src/main/java/org/adorsys/geshotel/resto/work/beans/CustomReservationImg_Roo_JavaBean.aj
/tools/GitHub/ADHOTEL/geshotel/src/main/java/org/adorsys/geshotel/resto/domain/Product.java
/tools/GitHub/ADHOTEL/geshotel/src/main/java/org/adorsys/geshotel/resto/domain/Procurement_Roo_Entity.aj
/tools/GitHub/ADHOTEL/geshotel/src/main/java/org/adorsys/geshotel/resto/domain/Provider.java
/tools/GitHub/ADHOTEL/geshotel/src/main/java/org/adorsys/geshotel/web/BarRestauInvoiceController_Roo_Controller.aj
/tools/GitHub/ADHOTEL/geshotel/src/main/java/org/adorsys/geshotel/booking/domain/Retrait.java
/tools/GitHub/ADHOTEL/geshotel/src/main/java/org/adorsys/geshotel/web/RoomCategoryController_Roo_Controller.aj
